Line 293: Class SHDocVwCtl.WebBrowser of control upn was not a loaded control class.
Line 313: Class SHDocVwCtl.WebBrowser of control update was not a loaded control class.
Line 362: Class SHDocVwCtl.WebBrowser of control WebBrowser10 was not a loaded control class.
Line 381: Class SHDocVwCtl.WebBrowser of control WebBrowser9 was not a loaded control class.
Line 400: Class SHDocVwCtl.WebBrowser of control WebBrowser8 was not a loaded control class.
Line 419: Class SHDocVwCtl.WebBrowser of control WebBrowser7 was not a loaded control class.
Line 438: Class SHDocVwCtl.WebBrowser of control WebBrowser6 was not a loaded control class.
Line 457: Class SHDocVwCtl.WebBrowser of control WebBrowser5 was not a loaded control class.
Line 476: Class SHDocVwCtl.WebBrowser of control WebBrowser1 was not a loaded control class.
Line 495: Class SHDocVwCtl.WebBrowser of control WebBrowser2 was not a loaded control class.
Line 514: Class SHDocVwCtl.WebBrowser of control WebBrowser3 was not a loaded control class.
Line 533: Class SHDocVwCtl.WebBrowser of control WebBrowser4 was not a loaded control class.
Line 676: Class SHDocVwCtl.WebBrowser of control News was not a loaded control class.
Line 300: The property name ExtentX in upn is invalid.
Line 301: The property name ExtentY in upn is invalid.
Line 302: The property name ViewMode in upn is invalid.
Line 303: The property name Offline in upn is invalid.
Line 304: The property name Silent in upn is invalid.
Line 305: The property name RegisterAsBrowser in upn is invalid.
Line 306: The property name RegisterAsDropTarget in upn is invalid.
Line 307: The property name AutoArrange in upn is invalid.
Line 308: The property name NoClientEdge in upn is invalid.
Line 309: The property name AlignLeft in upn is invalid.
Line 310: The property name ViewID in upn is invalid.
Line 311: The property name Location in upn is invalid.
Line 320: The property name ExtentX in update is invalid.
Line 321: The property name ExtentY in update is invalid.
Line 322: The property name ViewMode in update is invalid.
Line 323: The property name Offline in update is invalid.
Line 324: The property name Silent in update is invalid.
Line 325: The property name RegisterAsBrowser in update is invalid.
Line 326: The property name RegisterAsDropTarget in update is invalid.
Line 327: The property name AutoArrange in update is invalid.
Line 328: The property name NoClientEdge in update is invalid.
Line 329: The property name AlignLeft in update is invalid.
Line 330: The property name ViewID in update is invalid.
Line 331: The property name Location in update is invalid.
Line 368: The property name ExtentX in WebBrowser10 is invalid.
Line 369: The property name ExtentY in WebBrowser10 is invalid.
Line 370: The property name ViewMode in WebBrowser10 is invalid.
Line 371: The property name Offline in WebBrowser10 is invalid.
Line 372: The property name Silent in WebBrowser10 is invalid.
Line 373: The property name RegisterAsBrowser in WebBrowser10 is invalid.
Line 374: The property name RegisterAsDropTarget in WebBrowser10 is invalid.
Line 375: The property name AutoArrange in WebBrowser10 is invalid.
Line 376: The property name NoClientEdge in WebBrowser10 is invalid.
Line 377: The property name AlignLeft in WebBrowser10 is invalid.
Line 378: The property name ViewID in WebBrowser10 is invalid.
Line 379: The property name Location in WebBrowser10 is invalid.
Line 387: The property name ExtentX in WebBrowser9 is invalid.
Line 388: The property name ExtentY in WebBrowser9 is invalid.
Line 389: The property name ViewMode in WebBrowser9 is invalid.
Line 390: The property name Offline in WebBrowser9 is invalid.
Line 391: The property name Silent in WebBrowser9 is invalid.
Line 392: The property name RegisterAsBrowser in WebBrowser9 is invalid.
Line 393: The property name RegisterAsDropTarget in WebBrowser9 is invalid.
Line 394: The property name AutoArrange in WebBrowser9 is invalid.
Line 395: The property name NoClientEdge in WebBrowser9 is invalid.
Line 396: The property name AlignLeft in WebBrowser9 is invalid.
Line 397: The property name ViewID in WebBrowser9 is invalid.
Line 398: The property name Location in WebBrowser9 is invalid.
Line 406: The property name ExtentX in WebBrowser8 is invalid.
Line 407: The property name ExtentY in WebBrowser8 is invalid.
Line 408: The property name ViewMode in WebBrowser8 is invalid.
Line 409: The property name Offline in WebBrowser8 is invalid.
Line 410: The property name Silent in WebBrowser8 is invalid.
Line 411: The property name RegisterAsBrowser in WebBrowser8 is invalid.
Line 412: The property name RegisterAsDropTarget in WebBrowser8 is invalid.
Line 413: The property name AutoArrange in WebBrowser8 is invalid.
Line 414: The property name NoClientEdge in WebBrowser8 is invalid.
Line 415: The property name AlignLeft in WebBrowser8 is invalid.
Line 416: The property name ViewID in WebBrowser8 is invalid.
Line 417: The property name Location in WebBrowser8 is invalid.
Line 425: The property name ExtentX in WebBrowser7 is invalid.
Line 426: The property name ExtentY in WebBrowser7 is invalid.
Line 427: The property name ViewMode in WebBrowser7 is invalid.
Line 428: The property name Offline in WebBrowser7 is invalid.
Line 429: The property name Silent in WebBrowser7 is invalid.
Line 430: The property name RegisterAsBrowser in WebBrowser7 is invalid.
Line 431: The property name RegisterAsDropTarget in WebBrowser7 is invalid.
Line 432: The property name AutoArrange in WebBrowser7 is invalid.
Line 433: The property name NoClientEdge in WebBrowser7 is invalid.
Line 434: The property name AlignLeft in WebBrowser7 is invalid.
Line 435: The property name ViewID in WebBrowser7 is invalid.
Line 436: The property name Location in WebBrowser7 is invalid.
Line 444: The property name ExtentX in WebBrowser6 is invalid.
Line 445: The property name ExtentY in WebBrowser6 is invalid.
Line 446: The property name ViewMode in WebBrowser6 is invalid.
Line 447: The property name Offline in WebBrowser6 is invalid.
Line 448: The property name Silent in WebBrowser6 is invalid.
Line 449: The property name RegisterAsBrowser in WebBrowser6 is invalid.
Line 450: The property name RegisterAsDropTarget in WebBrowser6 is invalid.
Line 451: The property name AutoArrange in WebBrowser6 is invalid.
Line 452: The property name NoClientEdge in WebBrowser6 is invalid.
Line 453: The property name AlignLeft in WebBrowser6 is invalid.
Line 454: The property name ViewID in WebBrowser6 is invalid.
Line 455: The property name Location in WebBrowser6 is invalid.
Line 463: The property name ExtentX in WebBrowser5 is invalid.
Line 464: The property name ExtentY in WebBrowser5 is invalid.
Line 465: The property name ViewMode in WebBrowser5 is invalid.
Line 466: The property name Offline in WebBrowser5 is invalid.
Line 467: The property name Silent in WebBrowser5 is invalid.
Line 468: The property name RegisterAsBrowser in WebBrowser5 is invalid.
Line 469: The property name RegisterAsDropTarget in WebBrowser5 is invalid.
Line 470: The property name AutoArrange in WebBrowser5 is invalid.
Line 471: The property name NoClientEdge in WebBrowser5 is invalid.
Line 472: The property name AlignLeft in WebBrowser5 is invalid.
Line 473: The property name ViewID in WebBrowser5 is invalid.
Line 474: The property name Location in WebBrowser5 is invalid.
Line 482: The property name ExtentX in WebBrowser1 is invalid.
Line 483: The property name ExtentY in WebBrowser1 is invalid.
Line 484: The property name ViewMode in WebBrowser1 is invalid.
Line 485: The property name Offline in WebBrowser1 is invalid.
Line 486: The property name Silent in WebBrowser1 is invalid.
Line 487: The property name RegisterAsBrowser in WebBrowser1 is invalid.
Line 488: The property name RegisterAsDropTarget in WebBrowser1 is invalid.
Line 489: The property name AutoArrange in WebBrowser1 is invalid.
Line 490: The property name NoClientEdge in WebBrowser1 is invalid.
Line 491: The property name AlignLeft in WebBrowser1 is invalid.
Line 492: The property name ViewID in WebBrowser1 is invalid.
Line 493: The property name Location in WebBrowser1 is invalid.
Line 501: The property name ExtentX in WebBrowser2 is invalid.
Line 502: The property name ExtentY in WebBrowser2 is invalid.
Line 503: The property name ViewMode in WebBrowser2 is invalid.
Line 504: The property name Offline in WebBrowser2 is invalid.
Line 505: The property name Silent in WebBrowser2 is invalid.
Line 506: The property name RegisterAsBrowser in WebBrowser2 is invalid.
Line 507: The property name RegisterAsDropTarget in WebBrowser2 is invalid.
Line 508: The property name AutoArrange in WebBrowser2 is invalid.
Line 509: The property name NoClientEdge in WebBrowser2 is invalid.
Line 510: The property name AlignLeft in WebBrowser2 is invalid.
Line 511: The property name ViewID in WebBrowser2 is invalid.
Line 512: The property name Location in WebBrowser2 is invalid.
Line 520: The property name ExtentX in WebBrowser3 is invalid.
Line 521: The property name ExtentY in WebBrowser3 is invalid.
Line 522: The property name ViewMode in WebBrowser3 is invalid.
Line 523: The property name Offline in WebBrowser3 is invalid.
Line 524: The property name Silent in WebBrowser3 is invalid.
Line 525: The property name RegisterAsBrowser in WebBrowser3 is invalid.
Line 526: The property name RegisterAsDropTarget in WebBrowser3 is invalid.
Line 527: The property name AutoArrange in WebBrowser3 is invalid.
Line 528: The property name NoClientEdge in WebBrowser3 is invalid.
Line 529: The property name AlignLeft in WebBrowser3 is invalid.
Line 530: The property name ViewID in WebBrowser3 is invalid.
Line 531: The property name Location in WebBrowser3 is invalid.
Line 539: The property name ExtentX in WebBrowser4 is invalid.
Line 540: The property name ExtentY in WebBrowser4 is invalid.
Line 541: The property name ViewMode in WebBrowser4 is invalid.
Line 542: The property name Offline in WebBrowser4 is invalid.
Line 543: The property name Silent in WebBrowser4 is invalid.
Line 544: The property name RegisterAsBrowser in WebBrowser4 is invalid.
Line 545: The property name RegisterAsDropTarget in WebBrowser4 is invalid.
Line 546: The property name AutoArrange in WebBrowser4 is invalid.
Line 547: The property name NoClientEdge in WebBrowser4 is invalid.
Line 548: The property name AlignLeft in WebBrowser4 is invalid.
Line 549: The property name ViewID in WebBrowser4 is invalid.
Line 550: The property name Location in WebBrowser4 is invalid.
Line 682: The property name ExtentX in News is invalid.
Line 683: The property name ExtentY in News is invalid.
Line 684: The property name ViewMode in News is invalid.
Line 685: The property name Offline in News is invalid.
Line 686: The property name Silent in News is invalid.
Line 687: The property name RegisterAsBrowser in News is invalid.
Line 688: The property name RegisterAsDropTarget in News is invalid.
Line 689: The property name AutoArrange in News is invalid.
Line 690: The property name NoClientEdge in News is invalid.
Line 691: The property name AlignLeft in News is invalid.
Line 692: The property name ViewID in News is invalid.
Line 693: The property name Location in News is invalid.
